#
# There is insufficient memory for the Java Runtime Environment to continue.
# Native memory allocation (malloc) failed to allocate 1841136 bytes for Chunk::new
# Possible reasons:
#   The system is out of physical RAM or swap space
#   The process is running with CompressedOops enabled, and the Java Heap may be blocking the growth of the native heap
# Possible solutions:
#   Reduce memory load on the system
#   Increase physical memory or swap space
#   Check if swap backing store is full
#   Decrease Java heap size (-Xmx/-Xms)
#   Decrease number of Java threads
#   Decrease Java thread stack sizes (-Xss)
#   Set larger code cache with -XX:ReservedCodeCacheSize=
#   JVM is running with Unscaled Compressed Oops mode in which the Java heap is
#     placed in the first 4GB address space. The Java Heap base address is the
#     maximum limit for the native heap growth. Please use -XX:HeapBaseMinAddress
#     to set the Java Heap base and to place the Java Heap above 4GB virtual address.
# This output file may be truncated or incomplete.
#
#  Out of Memory Error (arena.cpp:189), pid=21496, tid=24040
#
# JRE version: Java(TM) SE Runtime Environment (17.0.6+9) (build 17.0.6+9-LTS-190)
# Java VM: Java HotSpot(TM) 64-Bit Server VM (17.0.6+9-LTS-190, mixed mode, sharing, tiered, compressed oops, compressed class ptrs, g1 gc, windows-amd64)
# No core dump will be written. Minidumps are not enabled by default on client versions of Windows
#

---------------  S U M M A R Y ------------

Command Line: -javaagent:C:\Program Files\JetBrains\IntelliJ IDEA Community Edition 2023.2\lib\idea_rt.jar=62568:C:\Program Files\JetBrains\IntelliJ IDEA Community Edition 2023.2\bin -Dfile.encoding=UTF-8 com.emtech.loanapp.LoanAppApplication

Host: Intel(R) Core(TM) i3-6006U CPU @ 2.00GHz, 4 cores, 7G,  Windows 11 , 64 bit Build 22621 (10.0.22621.3235)
Time: Wed Mar 20 14:26:07 2024 E. Africa Standard Time elapsed time: 43.205657 seconds (0d 0h 0m 43s)

---------------  T H R E A D  ---------------

Current thread (0x000001e7fed9c130):  JavaThread "C2 CompilerThread0" daemon [_thread_in_native, id=24040, stack(0x00000001dc100000,0x00000001dc200000)]


Current CompileTask:
C2:  43206 9064   !   4       org.springframework.core.annotation.AnnotationsScanner::processMethodHierarchy (276 bytes)

Stack: [0x00000001dc100000,0x00000001dc200000]
Native frames: (J=compiled Java code, j=interpreted, Vv=VM code, C=native code)
V  [jvm.dll+0x6734ea]
V  [jvm.dll+0x7d18f4]
V  [jvm.dll+0x7d309e]
V  [jvm.dll+0x7d3703]
V  [jvm.dll+0x2433c5]
V  [jvm.dll+0xaa46b]
V  [jvm.dll+0xaaa0c]
V  [jvm.dll+0x35eadf]
V  [jvm.dll+0x1b967a]
V  [jvm.dll+0x215f37]
V  [jvm.dll+0x215211]
V  [jvm.dll+0x1a1730]
V  [jvm.dll+0x224b6e]
V  [jvm.dll+0x222f15]
V  [jvm.dll+0x78753c]
V  [jvm.dll+0x781a7a]
V  [jvm.dll+0x672375]
C  [ucrtbase.dll+0x29363]
C  [KERNEL32.DLL+0x1257d]
C  [ntdll.dll+0x5aa58]


---------------  P R O C E S S  ---------------

Threads class SMR info:
_java_thread_list=0x000001e788d257c0, length=18, elements={
0x000001e7e552aa60, 0x000001e7fed84530, 0x000001e7fed851a0, 0x000001e7fed97a30,
0x000001e7fed9a310, 0x000001e7fed9abd0, 0x000001e7fed9b490, 0x000001e7fed9c130,
0x000001e7fed9cae0, 0x000001e7fedfe470, 0x000001e7fed6a540, 0x000001e7ffada900,
0x000001e7ffb0b600, 0x000001e788953a80, 0x000001e788953f50, 0x000001e788954420,
0x000001e7872c9b50, 0x000001e7872c8ce0
}

Java Threads: ( => current thread )
  0x000001e7e552aa60 JavaThread "main" [_thread_in_Java, id=12148, stack(0x00000001db400000,0x00000001db500000)]
  0x000001e7fed84530 JavaThread "Reference Handler" daemon [_thread_blocked, id=24284, stack(0x00000001dbb00000,0x00000001dbc00000)]
  0x000001e7fed851a0 JavaThread "Finalizer" daemon [_thread_blocked, id=10992, stack(0x00000001dbc00000,0x00000001dbd00000)]
  0x000001e7fed97a30 JavaThread "Signal Dispatcher" daemon [_thread_blocked, id=21576, stack(0x00000001dbd00000,0x00000001dbe00000)]
  0x000001e7fed9a310 JavaThread "Attach Listener" daemon [_thread_blocked, id=16120, stack(0x00000001dbe00000,0x00000001dbf00000)]
  0x000001e7fed9abd0 JavaThread "Service Thread" daemon [_thread_blocked, id=21828, stack(0x00000001dbf00000,0x00000001dc000000)]
  0x000001e7fed9b490 JavaThread "Monitor Deflation Thread" daemon [_thread_blocked, id=4320, stack(0x00000001dc000000,0x00000001dc100000)]
=>0x000001e7fed9c130 JavaThread "C2 CompilerThread0" daemon [_thread_in_native, id=24040, stack(0x00000001dc100000,0x00000001dc200000)]
  0x000001e7fed9cae0 JavaThread "C1 CompilerThread0" daemon [_thread_blocked, id=22536, stack(0x00000001dc200000,0x00000001dc300000)]
  0x000001e7fedfe470 JavaThread "Sweeper thread" daemon [_thread_blocked, id=16960, stack(0x00000001dc300000,0x00000001dc400000)]
  0x000001e7fed6a540 JavaThread "Common-Cleaner" daemon [_thread_blocked, id=12276, stack(0x00000001dc400000,0x00000001dc500000)]
  0x000001e7ffada900 JavaThread "Monitor Ctrl-Break" daemon [_thread_in_native, id=21340, stack(0x00000001dc500000,0x00000001dc600000)]
  0x000001e7ffb0b600 JavaThread "Notification Thread" daemon [_thread_blocked, id=11536, stack(0x00000001dc600000,0x00000001dc700000)]
  0x000001e788953a80 JavaThread "boundedElastic-evictor-1" daemon [_thread_blocked, id=22608, stack(0x00000001dcb00000,0x00000001dcc00000)]
  0x000001e788953f50 JavaThread "mysql-cj-abandoned-connection-cleanup" daemon [_thread_blocked, id=12444, stack(0x00000001dcc00000,0x00000001dcd00000)]
  0x000001e788954420 JavaThread "HikariPool-1 housekeeper" daemon [_thread_blocked, id=272, stack(0x00000001dce00000,0x00000001dcf00000)]
  0x000001e7872c9b50 JavaThread "reactor-http-nio-1" daemon [_thread_in_native, id=15480, stack(0x00000001dd100000,0x00000001dd200000)]
  0x000001e7872c8ce0 JavaThread "server" [_thread_blocked, id=23712, stack(0x00000001dd200000,0x00000001dd300000)]

Other Threads:
  0x000001e7fed7a620 VMThread "VM Thread" [stack: 0x00000001dba00000,0x00000001dbb00000] [id=5272]
  0x000001e7e55a1730 WatcherThread [stack: 0x00000001dc700000,0x00000001dc800000] [id=23268]
  0x000001e7e558a320 GCTaskThread "GC Thread#0" [stack: 0x00000001db500000,0x00000001db600000] [id=24400]
  0x000001e786425d40 GCTaskThread "GC Thread#1" [stack: 0x00000001dc800000,0x00000001dc900000] [id=21456]
  0x000001e7ffbf79f0 GCTaskThread "GC Thread#2" [stack: 0x00000001dc900000,0x00000001dca00000] [id=19280]
  0x000001e78675e440 GCTaskThread "GC Thread#3" [stack: 0x00000001dca00000,0x00000001dcb00000] [id=22132]
  0x000001e7e559b680 ConcurrentGCThread "G1 Main Marker" [stack: 0x00000001db600000,0x00000001db700000] [id=23360]
  0x000001e7e559bf90 ConcurrentGCThread "G1 Conc#0" [stack: 0x00000001db700000,0x00000001db800000] [id=2344]
  0x000001e7e55ddd80 ConcurrentGCThread "G1 Refine#0" [stack: 0x00000001db800000,0x00000001db900000] [id=21884]
  0x000001e7e55de6a0 ConcurrentGCThread "G1 Service" [stack: 0x00000001db900000,0x00000001dba00000] [id=11760]

Threads with active compile tasks:
C2 CompilerThread0    43299 9064   !   4       org.springframework.core.annotation.AnnotationsScanner::processMethodHierarchy (276 bytes)

VM state: not at safepoint (normal execution)

VM Mutex/Monitor currently owned by a thread: None

Heap address: 0x0000000081400000, size: 2028 MB, Compressed Oops mode: 32-bit

CDS archive(s) mapped at: [0x0000000800000000-0x0000000800bd0000-0x0000000800bd0000), size 12386304, SharedBaseAddress: 0x0000000800000000, ArchiveRelocationMode: 0.
Compressed class space mapped at: 0x0000000800c00000-0x0000000840c00000, reserved size: 1073741824
Narrow klass base: 0x0000000800000000, Narrow klass shift: 0, Narrow klass range: 0x100000000

GC Precious Log:
 CPUs: 4 total, 4 available
 Memory: 8106M
 Large Page Support: Disabled
 NUMA Support: Disabled
 Compressed Oops: Enabled (32-bit)
 Heap Region Size: 1M
 Heap Min Capacity: 8M
 Heap Initial Capacity: 128M
 Heap Max Capacity: 2028M
 Pre-touch: Disabled
 Parallel Workers: 4
 Concurrent Workers: 1
 Concurrent Refinement Workers: 4
 Periodic GC: Disabled

Heap:
 garbage-first heap   total 137216K, used 90709K [0x0000000081400000, 0x0000000100000000)
  region size 1024K, 43 young (44032K), 2 survivors (2048K)
 Metaspace       used 67221K, committed 67584K, reserved 1114112K
  class space    used 8903K, committed 9088K, reserved 1048576K

Heap Regions: E=young(eden), S=young(survivor), O=old, HS=humongous(starts), HC=humongous(continues), CS=collection set, F=free, OA=open archive, CA=closed archive, TAMS=top-at-mark-start (previous, next)
|   0|0x0000000081400000, 0x0000000081500000, 0x0000000081500000|100%|HS|  |TAMS 0x0000000081500000, 0x0000000081400000| Complete 
|   1|0x0000000081500000, 0x0000000081600000, 0x0000000081600000|100%| O|  |TAMS 0x0000000081600000, 0x0000000081500000| Untracked 
|   2|0x0000000081600000, 0x0000000081700000, 0x0000000081700000|100%| O|  |TAMS 0x0000000081700000, 0x0000000081600000| Untracked 
|   3|0x0000000081700000, 0x0000000081800000, 0x0000000081800000|100%| O|  |TAMS 0x0000000081800000, 0x0000000081700000| Untracked 
|   4|0x0000000081800000, 0x0000000081900000, 0x0000000081900000|100%| O|  |TAMS 0x0000000081900000, 0x0000000081800000| Untracked 
|   5|0x0000000081900000, 0x0000000081a00000, 0x0000000081a00000|100%| O|  |TAMS 0x0000000081a00000, 0x0000000081900000| Untracked 
|   6|0x0000000081a00000, 0x0000000081b00000, 0x0000000081b00000|100%| O|  |TAMS 0x0000000081b00000, 0x0000000081a00000| Untracked 
|   7|0x0000000081b00000, 0x0000000081c00000, 0x0000000081c00000|100%| O|  |TAMS 0x0000000081c00000, 0x0000000081b00000| Untracked 
|   8|0x0000000081c00000, 0x0000000081d00000, 0x0000000081d00000|100%| O|  |TAMS 0x0000000081d00000, 0x0000000081c00000| Untracked 
|   9|0x0000000081d00000, 0x0000000081e00000, 0x0000000081e00000|100%| O|  |TAMS 0x0000000081e00000, 0x0000000081d00000| Untracked 
|  10|0x0000000081e00000, 0x0000000081f00000, 0x0000000081f00000|100%| O|  |TAMS 0x0000000081f00000, 0x0000000081e00000| Untracked 
|  11|0x0000000081f00000, 0x0000000082000000, 0x0000000082000000|100%| O|  |TAMS 0x0000000082000000, 0x0000000081f00000| Untracked 
|  12|0x0000000082000000, 0x0000000082100000, 0x0000000082100000|100%| O|  |TAMS 0x0000000082100000, 0x0000000082000000| Untracked 
|  13|0x0000000082100000, 0x0000000082200000, 0x0000000082200000|100%| O|  |TAMS 0x0000000082200000, 0x0000000082100000| Untracked 
|  14|0x0000000082200000, 0x0000000082300000, 0x0000000082300000|100%| O|  |TAMS 0x0000000082300000, 0x0000000082200000| Untracked 
|  15|0x0000000082300000, 0x0000000082400000, 0x0000000082400000|100%| O|  |TAMS 0x0000000082400000, 0x0000000082300000| Untracked 
|  16|0x0000000082400000, 0x0000000082500000, 0x0000000082500000|100%| O|  |TAMS 0x0000000082500000, 0x0000000082400000| Untracked 
|  17|0x0000000082500000, 0x0000000082600000, 0x0000000082600000|100%| O|  |TAMS 0x0000000082600000, 0x0000000082500000| Untracked 
|  18|0x0000000082600000, 0x0000000082700000, 0x0000000082700000|100%| O|  |TAMS 0x0000000082700000, 0x0000000082600000| Untracked 
|  19|0x0000000082700000, 0x0000000082800000, 0x0000000082800000|100%| O|  |TAMS 0x0000000082800000, 0x0000000082700000| Untracked 
|  20|0x0000000082800000, 0x0000000082900000, 0x0000000082900000|100%| O|  |TAMS 0x0000000082900000, 0x0000000082800000| Untracked 
|  21|0x0000000082900000, 0x0000000082a00000, 0x0000000082a00000|100%| O|  |TAMS 0x0000000082a00000, 0x0000000082900000| Untracked 
|  22|0x0000000082a00000, 0x0000000082b00000, 0x0000000082b00000|100%| O|  |TAMS 0x0000000082b00000, 0x0000000082a00000| Untracked 
|  23|0x0000000082b00000, 0x0000000082c00000, 0x0000000082c00000|100%| O|  |TAMS 0x0000000082c00000, 0x0000000082b00000| Untracked 
|  24|0x0000000082c00000, 0x0000000082d00000, 0x0000000082d00000|100%| O|  |TAMS 0x0000000082d00000, 0x0000000082c00000| Untracked 
|  25|0x0000000082d00000, 0x0000000082e00000, 0x0000000082e00000|100%| O|  |TAMS 0x0000000082e00000, 0x0000000082d00000| Untracked 
|  26|0x0000000082e00000, 0x0000000082f00000, 0x0000000082f00000|100%| O|  |TAMS 0x0000000082f00000, 0x0000000082e00000| Untracked 
|  27|0x0000000082f00000, 0x0000000082f00000, 0x0000000083000000|  0%| F|  |TAMS 0x0000000082f00000, 0x0000000082f00000| Untracked 
|  28|0x0000000083000000, 0x0000000083100000, 0x0000000083100000|100%| O|  |TAMS 0x0000000083100000, 0x0000000083000000| Untracked 
|  29|0x0000000083100000, 0x0000000083200000, 0x0000000083200000|100%| O|  |TAMS 0x0000000083200000, 0x0000000083100000| Untracked 
|  30|0x0000000083200000, 0x0000000083300000, 0x0000000083300000|100%| O|  |TAMS 0x0000000083300000, 0x0000000083200000| Untracked 
|  31|0x0000000083300000, 0x0000000083400000, 0x0000000083400000|100%| O|  |TAMS 0x0000000083400000, 0x0000000083300000| Untracked 
|  32|0x0000000083400000, 0x0000000083500000, 0x0000000083500000|100%| O|  |TAMS 0x0000000083430000, 0x0000000083400000| Untracked 
|  33|0x0000000083500000, 0x0000000083600000, 0x0000000083600000|100%| O|  |TAMS 0x0000000083500000, 0x0000000083500000| Untracked 
|  34|0x0000000083600000, 0x0000000083700000, 0x0000000083700000|100%| O|  |TAMS 0x0000000083600000, 0x0000000083600000| Untracked 
|  35|0x0000000083700000, 0x0000000083800000, 0x0000000083800000|100%| O|  |TAMS 0x0000000083700000, 0x0000000083700000| Untracked 
|  36|0x0000000083800000, 0x0000000083900000, 0x0000000083900000|100%| O|  |TAMS 0x0000000083800000, 0x0000000083800000| Untracked 
|  37|0x0000000083900000, 0x0000000083a00000, 0x0000000083a00000|100%| O|  |TAMS 0x0000000083900000, 0x0000000083900000| Untracked 
|  38|0x0000000083a00000, 0x0000000083b00000, 0x0000000083b00000|100%| O|  |TAMS 0x0000000083a00000, 0x0000000083a00000| Untracked 
|  39|0x0000000083b00000, 0x0000000083c00000, 0x0000000083c00000|100%| O|  |TAMS 0x0000000083b00000, 0x0000000083b00000| Untracked 
|  40|0x0000000083c00000, 0x0000000083d00000, 0x0000000083d00000|100%| O|  |TAMS 0x0000000083c00000, 0x0000000083c00000| Untracked 
|  41|0x0000000083d00000, 0x0000000083e00000, 0x0000000083e00000|100%| O|  |TAMS 0x0000000083d00000, 0x0000000083d00000| Untracked 
|  42|0x0000000083e00000, 0x0000000083f00000, 0x0000000083f00000|100%| O|  |TAMS 0x0000000083e00000, 0x0000000083e00000| Untracked 
|  43|0x0000000083f00000, 0x0000000084000000, 0x0000000084000000|100%| O|  |TAMS 0x0000000083f00000, 0x0000000083f00000| Untracked 
|  44|0x0000000084000000, 0x0000000084100000, 0x0000000084100000|100%| O|  |TAMS 0x0000000084000000, 0x0000000084000000| Untracked 
|  45|0x0000000084100000, 0x0000000084200000, 0x0000000084200000|100%| O|  |TAMS 0x0000000084100000, 0x0000000084100000| Untracked 
|  46|0x0000000084200000, 0x0000000084300000, 0x0000000084300000|100%| O|  |TAMS 0x0000000084200000, 0x0000000084200000| Untracked 
|  47|0x0000000084300000, 0x0000000084400000, 0x0000000084400000|100%| O|  |TAMS 0x0000000084300000, 0x0000000084300000| Untracked 
|  48|0x0000000084400000, 0x0000000084432200, 0x0000000084500000| 19%| O|  |TAMS 0x0000000084400000, 0x0000000084400000| Untracked 
|  49|0x0000000084500000, 0x0000000084500000, 0x0000000084600000|  0%| F|  |TAMS 0x0000000084500000, 0x0000000084500000| Untracked 
|  50|0x0000000084600000, 0x0000000084600000, 0x0000000084700000|  0%| F|  |TAMS 0x0000000084600000, 0x0000000084600000| Untracked 
|  51|0x0000000084700000, 0x0000000084700000, 0x0000000084800000|  0%| F|  |TAMS 0x0000000084700000, 0x0000000084700000| Untracked 
|  52|0x0000000084800000, 0x0000000084800000, 0x0000000084900000|  0%| F|  |TAMS 0x0000000084800000, 0x0000000084800000| Untracked 
|  53|0x0000000084900000, 0x0000000084900000, 0x0000000084a00000|  0%| F|  |TAMS 0x0000000084900000, 0x0000000084900000| Untracked 
|  54|0x0000000084a00000, 0x0000000084a00000, 0x0000000084b00000|  0%| F|  |TAMS 0x0000000084a00000, 0x0000000084a00000| Untracked 
|  55|0x0000000084b00000, 0x0000000084b00000, 0x0000000084c00000|  0%| F|  |TAMS 0x0000000084b00000, 0x0000000084b00000| Untracked 
|  56|0x0000000084c00000, 0x0000000084c00000, 0x0000000084d00000|  0%| F|  |TAMS 0x0000000084c00000, 0x0000000084c00000| Untracked 
|  57|0x0000000084d00000, 0x0000000084d00000, 0x0000000084e00000|  0%| F|  |TAMS 0x0000000084d00000, 0x0000000084d00000| Untracked 
|  58|0x0000000084e00000, 0x0000000084e00000, 0x0000000084f00000|  0%| F|  |TAMS 0x0000000084e00000, 0x0000000084e00000| Untracked 
|  59|0x0000000084f00000, 0x0000000084f00000, 0x0000000085000000|  0%| F|  |TAMS 0x0000000084f00000, 0x0000000084f00000| Untracked 
|  60|0x0000000085000000, 0x0000000085000000, 0x0000000085100000|  0%| F|  |TAMS 0x0000000085000000, 0x0000000085000000| Untracked 
|  61|0x0000000085100000, 0x0000000085100000, 0x0000000085200000|  0%| F|  |TAMS 0x0000000085100000, 0x0000000085100000| Untracked 
|  62|0x0000000085200000, 0x0000000085200000, 0x0000000085300000|  0%| F|  |TAMS 0x0000000085200000, 0x0000000085200000| Untracked 
|  63|0x0000000085300000, 0x0000000085300000, 0x0000000085400000|  0%| F|  |TAMS 0x0000000085300000, 0x0000000085300000| Untracked 
|  64|0x0000000085400000, 0x0000000085400000, 0x0000000085500000|  0%| F|  |TAMS 0x0000000085400000, 0x0000000085400000| Untracked 
|  65|0x0000000085500000, 0x0000000085500000, 0x0000000085600000|  0%| F|  |TAMS 0x0000000085500000, 0x0000000085500000| Untracked 
|  66|0x0000000085600000, 0x0000000085600000, 0x0000000085700000|  0%| F|  |TAMS 0x0000000085600000, 0x0000000085600000| Untracked 
|  67|0x0000000085700000, 0x0000000085700000, 0x0000000085800000|  0%| F|  |TAMS 0x0000000085700000, 0x0000000085700000| Untracked 
|  68|0x0000000085800000, 0x0000000085800000, 0x0000000085900000|  0%| F|  |TAMS 0x0000000085800000, 0x0000000085800000| Untracked 
|  69|0x0000000085900000, 0x0000000085900000, 0x0000000085a00000|  0%| F|  |TAMS 0x0000000085900000, 0x0000000085900000| Untracked 
|  70|0x0000000085a00000, 0x0000000085a00000, 0x0000000085b00000|  0%| F|  |TAMS 0x0000000085a00000, 0x0000000085a00000| Untracked 
|  71|0x0000000085b00000, 0x0000000085b00000, 0x0000000085c00000|  0%| F|  |TAMS 0x0000000085b00000, 0x0000000085b00000| Untracked 
|  72|0x0000000085c00000, 0x0000000085c00000, 0x0000000085d00000|  0%| F|  |TAMS 0x0000000085c00000, 0x0000000085c00000| Untracked 
|  73|0x0000000085d00000, 0x0000000085d00000, 0x0000000085e00000|  0%| F|  |TAMS 0x0000000085d00000, 0x0000000085d00000| Untracked 
|  74|0x0000000085e00000, 0x0000000085e00000, 0x0000000085f00000|  0%| F|  |TAMS 0x0000000085e00000, 0x0000000085e00000| Untracked 
|  75|0x0000000085f00000, 0x0000000085f00000, 0x0000000086000000|  0%| F|  |TAMS 0x0000000085f00000, 0x0000000085f00000| Untracked 
|  76|0x0000000086000000, 0x0000000086000000, 0x0000000086100000|  0%| F|  |TAMS 0x0000000086000000, 0x0000000086000000| Untracked 
|  77|0x0000000086100000, 0x0000000086100000, 0x0000000086200000|  0%| F|  |TAMS 0x0000000086100000, 0x0000000086100000| Untracked 
|  78|0x0000000086200000, 0x0000000086200000, 0x0000000086300000|  0%| F|  |TAMS 0x0000000086200000, 0x0000000086200000| Untracked 
|  79|0x0000000086300000, 0x0000000086300000, 0x0000000086400000|  0%| F|  |TAMS 0x0000000086300000, 0x0000000086300000| Untracked 
|  80|0x0000000086400000, 0x0000000086400000, 0x0000000086500000|  0%| F|  |TAMS 0x0000000086400000, 0x0000000086400000| Untracked 
|  81|0x0000000086500000, 0x0000000086500000, 0x0000000086600000|  0%| F|  |TAMS 0x0000000086500000, 0x0000000086500000| Untracked 
|  82|0x0000000086600000, 0x0000000086600000, 0x0000000086700000|  0%| F|  |TAMS 0x0000000086600000, 0x0000000086600000| Untracked 
|  83|0x0000000086700000, 0x0000000086700000, 0x0000000086800000|  0%| F|  |TAMS 0x0000000086700000, 0x0000000086700000| Untracked 
|  84|0x0000000086800000, 0x0000000086800000, 0x0000000086900000|  0%| F|  |TAMS 0x0000000086800000, 0x0000000086800000| Untracked 
|  85|0x0000000086900000, 0x0000000086900000, 0x0000000086a00000|  0%| F|  |TAMS 0x0000000086900000, 0x0000000086900000| Untracked 
|  86|0x0000000086a00000, 0x0000000086a00000, 0x0000000086b00000|  0%| F|  |TAMS 0x0000000086a00000, 0x0000000086a00000| Untracked 
|  87|0x0000000086b00000, 0x0000000086b00000, 0x0000000086c00000|  0%| F|  |TAMS 0x0000000086b00000, 0x0000000086b00000| Untracked 
|  88|0x0000000086c00000, 0x0000000086c00000, 0x0000000086d00000|  0%| F|  |TAMS 0x0000000086c00000, 0x0000000086c00000| Untracked 
|  89|0x0000000086d00000, 0x0000000086d00000, 0x0000000086e00000|  0%| F|  |TAMS 0x0000000086d00000, 0x0000000086d00000| Untracked 
|  90|0x0000000086e00000, 0x0000000086e80800, 0x0000000086f00000| 50%| E|  |TAMS 0x0000000086e00000, 0x0000000086e00000| Complete 
|  91|0x0000000086f00000, 0x0000000087000000, 0x0000000087000000|100%| E|CS|TAMS 0x0000000086f00000, 0x0000000086f00000| Complete 
|  92|0x0000000087000000, 0x0000000087100000, 0x0000000087100000|100%| E|CS|TAMS 0x0000000087000000, 0x0000000087000000| Complete 
|  93|0x0000000087100000, 0x0000000087200000, 0x0000000087200000|100%| E|CS|TAMS 0x0000000087100000, 0x0000000087100000| Complete 
|  94|0x0000000087200000, 0x0000000087300000, 0x0000000087300000|100%| E|CS|TAMS 0x0000000087200000, 0x0000000087200000| Complete 
|  95|0x0000000087300000, 0x0000000087400000, 0x0000000087400000|100%| E|CS|TAMS 0x0000000087300000, 0x0000000087300000| Complete 
|  96|0x0000000087400000, 0x0000000087500000, 0x0000000087500000|100%| E|CS|TAMS 0x0000000087400000, 0x0000000087400000| Complete 
|  97|0x0000000087500000, 0x0000000087600000, 0x0000000087600000|100%| E|CS|TAMS 0x0000000087500000, 0x0000000087500000| Complete 
|  98|0x0000000087600000, 0x0000000087700000, 0x0000000087700000|100%| E|CS|TAMS 0x0000000087600000, 0x0000000087600000| Complete 
|  99|0x0000000087700000, 0x0000000087800000, 0x0000000087800000|100%| E|CS|TAMS 0x0000000087700000, 0x0000000087700000| Complete 
| 100|0x0000000087800000, 0x0000000087900000, 0x0000000087900000|100%| E|CS|TAMS 0x0000000087800000, 0x0000000087800000| Complete 
| 101|0x0000000087900000, 0x0000000087a00000, 0x0000000087a00000|100%| E|CS|TAMS 0x0000000087900000, 0x0000000087900000| Complete 
| 102|0x0000000087a00000, 0x0000000087b00000, 0x0000000087b00000|100%| E|CS|TAMS 0x0000000087a00000, 0x0000000087a00000| Complete 
| 103|0x0000000087b00000, 0x0000000087c00000, 0x0000000087c00000|100%| E|CS|TAMS 0x0000000087b00000, 0x0000000087b00000| Complete 
| 104|0x0000000087c00000, 0x0000000087d00000, 0x0000000087d00000|100%| E|CS|TAMS 0x0000000087c00000, 0x0000000087c00000| Complete 
| 105|0x0000000087d00000, 0x0000000087e00000, 0x0000000087e00000|100%| E|CS|TAMS 0x0000000087d00000, 0x0000000087d00000| Complete 
| 106|0x0000000087e00000, 0x0000000087f00000, 0x0000000087f00000|100%| E|CS|TAMS 0x0000000087e00000, 0x0000000087e00000| Complete 
| 107|0x0000000087f00000, 0x0000000088000000, 0x0000000088000000|100%| E|CS|TAMS 0x0000000087f00000, 0x0000000087f00000| Complete 
| 108|0x0000000088000000, 0x0000000088100000, 0x0000000088100000|100%| E|CS|TAMS 0x0000000088000000, 0x0000000088000000| Complete 
| 109|0x0000000088100000, 0x0000000088200000, 0x0000000088200000|100%| E|CS|TAMS 0x0000000088100000, 0x0000000088100000| Complete 
| 110|0x0000000088200000, 0x0000000088300000, 0x0000000088300000|100%| E|CS|TAMS 0x0000000088200000, 0x0000000088200000| Complete 
| 111|0x0000000088300000, 0x0000000088400000, 0x0000000088400000|100%| E|CS|TAMS 0x0000000088300000, 0x0000000088300000| Complete 
| 112|0x0000000088400000, 0x0000000088500000, 0x0000000088500000|100%| E|CS|TAMS 0x0000000088400000, 0x0000000088400000| Complete 
| 113|0x0000000088500000, 0x0000000088600000, 0x0000000088600000|100%| E|CS|TAMS 0x0000000088500000, 0x0000000088500000| Complete 
| 114|0x0000000088600000, 0x0000000088700000, 0x0000000088700000|100%| E|CS|TAMS 0x0000000088600000, 0x0000000088600000| Complete 
| 115|0x0000000088700000, 0x0000000088800000, 0x0000000088800000|100%| E|CS|TAMS 0x0000000088700000, 0x0000000088700000| Complete 
| 116|0x0000000088800000, 0x0000000088900000, 0x0000000088900000|100%| E|CS|TAMS 0x0000000088800000, 0x0000000088800000| Complete 
| 117|0x0000000088900000, 0x0000000088a00000, 0x0000000088a00000|100%| E|CS|TAMS 0x0000000088900000, 0x0000000088900000| Complete 
| 118|0x0000000088a00000, 0x0000000088b00000, 0x0000000088b00000|100%| E|CS|TAMS 0x0000000088a00000, 0x0000000088a00000| Complete 
| 119|0x0000000088b00000, 0x0000000088c00000, 0x0000000088c00000|100%| E|CS|TAMS 0x0000000088b00000, 0x0000000088b00000| Complete 
| 120|0x0000000088c00000, 0x0000000088d00000, 0x0000000088d00000|100%| E|CS|TAMS 0x0000000088c00000, 0x0000000088c00000| Complete 
| 121|0x0000000088d00000, 0x0000000088e00000, 0x0000000088e00000|100%| E|CS|TAMS 0x0000000088d00000, 0x0000000088d00000| Complete 
| 122|0x0000000088e00000, 0x0000000088f00000, 0x0000000088f00000|100%| E|CS|TAMS 0x0000000088e00000, 0x0000000088e00000| Complete 
| 123|0x0000000088f00000, 0x0000000089000000, 0x0000000089000000|100%| E|CS|TAMS 0x0000000088f00000, 0x0000000088f00000| Complete 
| 124|0x0000000089000000, 0x0000000089100000, 0x0000000089100000|100%| E|CS|TAMS 0x0000000089000000, 0x0000000089000000| Complete 
| 125|0x0000000089100000, 0x0000000089200000, 0x0000000089200000|100%| E|CS|TAMS 0x0000000089100000, 0x0000000089100000| Complete 
| 126|0x0000000089200000, 0x0000000089300000, 0x0000000089300000|100%| E|CS|TAMS 0x0000000089200000, 0x0000000089200000| Complete 
| 127|0x0000000089300000, 0x0000000089400000, 0x0000000089400000|100%| E|CS|TAMS 0x0000000089300000, 0x0000000089300000| Complete 
| 128|0x0000000089400000, 0x0000000089500000, 0x0000000089500000|100%| E|CS|TAMS 0x0000000089400000, 0x0000000089400000| Complete 
| 129|0x0000000089500000, 0x0000000089600000, 0x0000000089600000|100%| E|CS|TAMS 0x0000000089500000, 0x0000000089500000| Complete 
| 130|0x0000000089600000, 0x0000000089700000, 0x0000000089700000|100%| E|CS|TAMS 0x0000000089600000, 0x0000000089600000| Complete 
| 131|0x0000000089700000, 0x00000000897635d8, 0x0000000089800000| 38%| S|CS|TAMS 0x0000000089700000, 0x0000000089700000| Complete 
| 132|0x0000000089800000, 0x0000000089900000, 0x0000000089900000|100%| S|CS|TAMS 0x0000000089800000, 0x0000000089800000| Complete 
| 133|0x0000000089900000, 0x0000000089a00000, 0x0000000089a00000|100%| E|CS|TAMS 0x0000000089900000, 0x0000000089900000| Complete 

Card table byte_map: [0x000001e7fdfc0000,0x000001e7fe3c0000] _byte_map_base: 0x000001e7fdbb6000

Marking Bits (Prev, Next): (CMBitMap*) 0x000001e7e558a870, (CMBitMap*) 0x000001e7e558a830
 Prev Bits: [0x000001e781fb0000, 0x000001e783f60000)
 Next Bits: [0x000001e780000000, 0x000001e781fb0000)

Polling page: 0x000001e7e5390000

Metaspace:

Usage:
  Non-class:     56.95 MB used.
      Class:      8.69 MB used.
       Both:     65.65 MB used.

Virtual space:
  Non-class space:       64.00 MB reserved,      57.12 MB ( 89%) committed,  8 nodes.
      Class space:        1.00 GB reserved,       8.88 MB ( <1%) committed,  1 nodes.
             Both:        1.06 GB reserved,      66.00 MB (  6%) committed. 

Chunk freelists:
   Non-Class:  2.06 MB
       Class:  3.08 MB
        Both:  5.14 MB

MaxMetaspaceSize: unlimited
CompressedClassSpaceSize: 1.00 GB
Initial GC threshold: 21.00 MB
Current GC threshold: 99.19 MB
CDS: on
MetaspaceReclaimPolicy: balanced
 - commit_granule_bytes: 65536.
 - commit_granule_words: 8192.
 - virtual_space_node_default_size: 1048576.
 - enlarge_chunks_in_place: 1.
 - new_chunks_are_fully_committed: 0.
 - uncommit_free_chunks: 1.
 - use_allocation_guard: 0.
 - handle_deallocations: 1.


Internal statistics:

num_allocs_failed_limit: 9.
num_arena_births: 534.
num_arena_deaths: 0.
num_vsnodes_births: 9.
num_vsnodes_deaths: 0.
num_space_committed: 1056.
num_space_uncommitted: 0.
num_chunks_returned_to_freelist: 9.
num_chunks_taken_from_freelist: 3108.
num_chunk_merges: 9.
num_chunk_splits: 2210.
num_chunks_enlarged: 1740.
num_purges: 0.
num_inconsistent_stats: 0.

CodeHeap 'non-profiled nmethods': size=120000Kb used=3191Kb max_used=4015Kb free=116808Kb
 bounds [0x000001e7f6070000, 0x000001e7f6460000, 0x000001e7fd5a0000]
CodeHeap 'profiled nmethods': size=120000Kb used=14792Kb max_used=15313Kb free=105207Kb
 bounds [0x000001e7ee5a0000, 0x000001e7ef4a0000, 0x000001e7f5ad0000]
CodeHeap 'non-nmethods': size=5760Kb used=1329Kb max_used=1416Kb free=4430Kb
 bounds [0x000001e7f5ad0000, 0x000001e7f5d40000, 0x000001e7f6070000]
 total_blobs=8789 nmethods=8136 adapters=564
 compilation: enabled
              stopped_count=0, restarted_count=0
 full_count=0

Compilation events (20 events):
Event: 43.187 Thread 0x000001e7fed9cae0 9857       2       org.springframework.core.annotation.AnnotationsScanner::getBaseTypeMethods (145 bytes)
Event: 43.188 Thread 0x000001e7fed9cae0 nmethod 9857 0x000001e7ef080010 code [0x000001e7ef080240, 0x000001e7ef0806e8]
Event: 43.188 Thread 0x000001e7fed9cae0 9854       2       com.fasterxml.jackson.databind.introspect.POJOPropertiesCollector::_checkRenameByField (38 bytes)
Event: 43.189 Thread 0x000001e7fed9cae0 nmethod 9854 0x000001e7ef07f990 code [0x000001e7ef07fb40, 0x000001e7ef07fd38]
Event: 43.189 Thread 0x000001e7fed9cae0 9855       2       springfox.documentation.builders.ElementFacets$$Lambda$1341/0x00000008014bb850::apply (12 bytes)
Event: 43.189 Thread 0x000001e7fed9cae0 nmethod 9855 0x000001e7ee5c2510 code [0x000001e7ee5c26a0, 0x000001e7ee5c2808]
Event: 43.189 Thread 0x000001e7fed9cae0 9856   !   2       springfox.documentation.builders.ElementFacets::lambda$builderFactory$0 (53 bytes)
Event: 43.190 Thread 0x000001e7fed9cae0 nmethod 9856 0x000001e7ee5c1590 code [0x000001e7ee5c17e0, 0x000001e7ee5c20b8]
Event: 43.190 Thread 0x000001e7fed9cae0 9858       2       springfox.documentation.spring.web.readers.operation.OperationParameterReader$$Lambda$1396/0x00000008014c2488::test (12 bytes)
Event: 43.191 Thread 0x000001e7fed9cae0 nmethod 9858 0x000001e7ee5c1190 code [0x000001e7ee5c1340, 0x000001e7ee5c14a8]
Event: 43.193 Thread 0x000001e7fed9cae0 9859       2       springfox.documentation.schema.ModelKeyBuilder::isResponse (7 bytes)
Event: 43.194 Thread 0x000001e7fed9cae0 nmethod 9859 0x000001e7ee5c0e10 code [0x000001e7ee5c0fa0, 0x000001e7ee5c10b8]
Event: 43.194 Thread 0x000001e7fed9cae0 9860       2       springfox.documentation.schema.ModelKeyBuilder::copyOf (43 bytes)
Event: 43.195 Thread 0x000001e7fed9cae0 nmethod 9860 0x000001e7ee5c0590 code [0x000001e7ee5c0760, 0x000001e7ee5c0b88]
Event: 43.195 Thread 0x000001e7fed9cae0 9861       2       springfox.documentation.schema.ModelKeyBuilder::qualifiedModelName (11 bytes)
Event: 43.195 Thread 0x000001e7fed9cae0 nmethod 9861 0x000001e7ef034d10 code [0x000001e7ef034ea0, 0x000001e7ef035098]
Event: 43.195 Thread 0x000001e7fed9cae0 9862       2       java.util.HashMap$TreeNode::getTreeNode (22 bytes)
Event: 43.196 Thread 0x000001e7fed9cae0 nmethod 9862 0x000001e7ef034890 code [0x000001e7ef034a40, 0x000001e7ef034be8]
Event: 43.196 Thread 0x000001e7fed9cae0 9863   !   2       jdk.proxy2.$Proxy181::annotationType (29 bytes)
Event: 43.196 Thread 0x000001e7fed9cae0 nmethod 9863 0x000001e7ef034310 code [0x000001e7ef0344c0, 0x000001e7ef034738]

GC Heap History (20 events):
Event: 22.478 GC heap before
{Heap before GC invocations=12 (full 0):
 garbage-first heap   total 68608K, used 50512K [0x0000000081400000, 0x0000000100000000)
  region size 1024K, 28 young (28672K), 4 survivors (4096K)
 Metaspace       used 46030K, committed 46336K, reserved 1089536K
  class space    used 6118K, committed 6272K, reserved 1048576K
}
Event: 22.497 GC heap after
{Heap after GC invocations=13 (full 0):
 garbage-first heap   total 68608K, used 28675K [0x0000000081400000, 0x0000000100000000)
  region size 1024K, 4 young (4096K), 4 survivors (4096K)
 Metaspace       used 46030K, committed 46336K, reserved 1089536K
  class space    used 6118K, committed 6272K, reserved 1048576K
}
Event: 23.613 GC heap before
{Heap before GC invocations=13 (full 0):
 garbage-first heap   total 68608K, used 52227K [0x0000000081400000, 0x0000000100000000)
  region size 1024K, 27 young (27648K), 4 survivors (4096K)
 Metaspace       used 48454K, committed 48704K, reserved 1097728K
  class space    used 6534K, committed 6656K, reserved 1048576K
}
Event: 23.627 GC heap after
{Heap after GC invocations=14 (full 0):
 garbage-first heap   total 68608K, used 29335K [0x0000000081400000, 0x0000000100000000)
  region size 1024K, 3 young (3072K), 3 survivors (3072K)
 Metaspace       used 48454K, committed 48704K, reserved 1097728K
  class space    used 6534K, committed 6656K, reserved 1048576K
}
Event: 24.107 GC heap before
{Heap before GC invocations=14 (full 0):
 garbage-first heap   total 68608K, used 53911K [0x0000000081400000, 0x0000000100000000)
  region size 1024K, 27 young (27648K), 3 survivors (3072K)
 Metaspace       used 48773K, committed 49024K, reserved 1097728K
  class space    used 6546K, committed 6656K, reserved 1048576K
}
Event: 24.120 GC heap after
{Heap after GC invocations=15 (full 0):
 garbage-first heap   total 137216K, used 30178K [0x0000000081400000, 0x0000000100000000)
  region size 1024K, 2 young (2048K), 2 survivors (2048K)
 Metaspace       used 48773K, committed 49024K, reserved 1097728K
  class space    used 6546K, committed 6656K, reserved 1048576K
}
Event: 30.547 GC heap before
{Heap before GC invocations=15 (full 0):
 garbage-first heap   total 137216K, used 104930K [0x0000000081400000, 0x0000000100000000)
  region size 1024K, 75 young (76800K), 2 survivors (2048K)
 Metaspace       used 55179K, committed 55552K, reserved 1097728K
  class space    used 7421K, committed 7616K, reserved 1048576K
}
Event: 30.559 GC heap after
{Heap after GC invocations=16 (full 0):
 garbage-first heap   total 137216K, used 33143K [0x0000000081400000, 0x0000000100000000)
  region size 1024K, 5 young (5120K), 5 survivors (5120K)
 Metaspace       used 55179K, committed 55552K, reserved 1097728K
  class space    used 7421K, committed 7616K, reserved 1048576K
}
Event: 32.678 GC heap before
{Heap before GC invocations=16 (full 0):
 garbage-first heap   total 137216K, used 107895K [0x0000000081400000, 0x0000000100000000)
  region size 1024K, 78 young (79872K), 5 survivors (5120K)
 Metaspace       used 56091K, committed 56448K, reserved 1097728K
  class space    used 7480K, committed 7680K, reserved 1048576K
}
Event: 32.696 GC heap after
{Heap after GC invocations=17 (full 0):
 garbage-first heap   total 137216K, used 35773K [0x0000000081400000, 0x0000000100000000)
  region size 1024K, 7 young (7168K), 7 survivors (7168K)
 Metaspace       used 56091K, committed 56448K, reserved 1097728K
  class space    used 7480K, committed 7680K, reserved 1048576K
}
Event: 34.760 GC heap before
{Heap before GC invocations=17 (full 0):
 garbage-first heap   total 137216K, used 109501K [0x0000000081400000, 0x0000000100000000)
  region size 1024K, 79 young (80896K), 7 survivors (7168K)
 Metaspace       used 56912K, committed 57280K, reserved 1105920K
  class space    used 7550K, committed 7744K, reserved 1048576K
}
Event: 34.781 GC heap after
{Heap after GC invocations=18 (full 0):
 garbage-first heap   total 137216K, used 38485K [0x0000000081400000, 0x0000000100000000)
  region size 1024K, 6 young (6144K), 6 survivors (6144K)
 Metaspace       used 56912K, committed 57280K, reserved 1105920K
  class space    used 7550K, committed 7744K, reserved 1048576K
}
Event: 35.980 GC heap before
{Heap before GC invocations=18 (full 0):
 garbage-first heap   total 137216K, used 110165K [0x0000000081400000, 0x0000000100000000)
  region size 1024K, 76 young (77824K), 6 survivors (6144K)
 Metaspace       used 57542K, committed 57984K, reserved 1105920K
  class space    used 7579K, committed 7808K, reserved 1048576K
}
Event: 35.996 GC heap after
{Heap after GC invocations=19 (full 0):
 garbage-first heap   total 137216K, used 41148K [0x0000000081400000, 0x0000000100000000)
  region size 1024K, 8 young (8192K), 8 survivors (8192K)
 Metaspace       used 57542K, committed 57984K, reserved 1105920K
  class space    used 7579K, committed 7808K, reserved 1048576K
}
Event: 37.730 GC heap before
{Heap before GC invocations=19 (full 0):
 garbage-first heap   total 137216K, used 106684K [0x0000000081400000, 0x0000000100000000)
  region size 1024K, 73 young (74752K), 8 survivors (8192K)
 Metaspace       used 60238K, committed 60608K, reserved 1105920K
  class space    used 7866K, committed 8064K, reserved 1048576K
}
Event: 37.757 GC heap after
{Heap after GC invocations=20 (full 0):
 garbage-first heap   total 137216K, used 44310K [0x0000000081400000, 0x0000000100000000)
  region size 1024K, 9 young (9216K), 9 survivors (9216K)
 Metaspace       used 60238K, committed 60608K, reserved 1105920K
  class space    used 7866K, committed 8064K, reserved 1048576K
}
Event: 40.798 GC heap before
{Heap before GC invocations=21 (full 0):
 garbage-first heap   total 137216K, used 110870K [0x0000000081400000, 0x0000000100000000)
  region size 1024K, 74 young (75776K), 9 survivors (9216K)
 Metaspace       used 65432K, committed 65792K, reserved 1114112K
  class space    used 8627K, committed 8832K, reserved 1048576K
}
Event: 40.825 GC heap after
{Heap after GC invocations=22 (full 0):
 garbage-first heap   total 137216K, used 49064K [0x0000000081400000, 0x0000000100000000)
  region size 1024K, 9 young (9216K), 9 survivors (9216K)
 Metaspace       used 65432K, committed 65792K, reserved 1114112K
  class space    used 8627K, committed 8832K, reserved 1048576K
}
Event: 40.869 GC heap before
{Heap before GC invocations=22 (full 0):
 garbage-first heap   total 137216K, used 50088K [0x0000000081400000, 0x0000000100000000)
  region size 1024K, 10 young (10240K), 9 survivors (9216K)
 Metaspace       used 65485K, committed 65856K, reserved 1114112K
  class space    used 8632K, committed 8832K, reserved 1048576K
}
Event: 40.886 GC heap after
{Heap after GC invocations=23 (full 0):
 garbage-first heap   total 137216K, used 49749K [0x0000000081400000, 0x0000000100000000)
  region size 1024K, 2 young (2048K), 2 survivors (2048K)
 Metaspace       used 65485K, committed 65856K, reserved 1114112K
  class space    used 8632K, committed 8832K, reserved 1048576K
}

Deoptimization events (20 events):
Event: 42.007 Thread 0x000001e7e552aa60 Uncommon trap: trap_request=0xffffff45 fr.pc=0x000001e7f61cac10 relative=0x0000000000000190
Event: 42.007 Thread 0x000001e7e552aa60 Uncommon trap: reason=unstable_if action=reinterpret pc=0x000001e7f61cac10 method=java.lang.String.equals(Ljava/lang/Object;)Z @ 33 c2
Event: 42.007 Thread 0x000001e7e552aa60 DEOPT PACKING pc=0x000001e7f61cac10 sp=0x00000001db4fdfc0
Event: 42.007 Thread 0x000001e7e552aa60 DEOPT UNPACKING pc=0x000001e7f5b223a3 sp=0x00000001db4fdf50 mode 2
Event: 42.007 Thread 0x000001e7e552aa60 Uncommon trap: trap_request=0xffffff45 fr.pc=0x000001e7f60d550c relative=0x00000000000001ec
Event: 42.007 Thread 0x000001e7e552aa60 Uncommon trap: reason=unstable_if action=reinterpret pc=0x000001e7f60d550c method=java.lang.String.startsWith(Ljava/lang/String;I)Z @ 50 c2
Event: 42.007 Thread 0x000001e7e552aa60 DEOPT PACKING pc=0x000001e7f60d550c sp=0x00000001db4fdff0
Event: 42.007 Thread 0x000001e7e552aa60 DEOPT UNPACKING pc=0x000001e7f5b223a3 sp=0x00000001db4fdef8 mode 2
Event: 42.007 Thread 0x000001e7e552aa60 Uncommon trap: trap_request=0xffffff45 fr.pc=0x000001e7f607b434 relative=0x00000000000001b4
Event: 42.007 Thread 0x000001e7e552aa60 Uncommon trap: reason=unstable_if action=reinterpret pc=0x000001e7f607b434 method=java.lang.String.isLatin1()Z @ 10 c2
Event: 42.007 Thread 0x000001e7e552aa60 DEOPT PACKING pc=0x000001e7f607b434 sp=0x00000001db4fdf80
Event: 42.007 Thread 0x000001e7e552aa60 DEOPT UNPACKING pc=0x000001e7f5b223a3 sp=0x00000001db4fdeb0 mode 2
Event: 42.209 Thread 0x000001e7e552aa60 Uncommon trap: trap_request=0xffffff45 fr.pc=0x000001e7f611e518 relative=0x0000000000000078
Event: 42.209 Thread 0x000001e7e552aa60 Uncommon trap: reason=unstable_if action=reinterpret pc=0x000001e7f611e518 method=java.util.stream.StreamOpFlag.fromCharacteristics(Ljava/util/Spliterator;)I @ 19 c2
Event: 42.209 Thread 0x000001e7e552aa60 DEOPT PACKING pc=0x000001e7f611e518 sp=0x00000001db4fe770
Event: 42.209 Thread 0x000001e7e552aa60 DEOPT UNPACKING pc=0x000001e7f5b223a3 sp=0x00000001db4fe700 mode 2
Event: 43.114 Thread 0x000001e7e552aa60 Uncommon trap: trap_request=0xffffff45 fr.pc=0x000001e7f616b224 relative=0x0000000000000084
Event: 43.114 Thread 0x000001e7e552aa60 Uncommon trap: reason=unstable_if action=reinterpret pc=0x000001e7f616b224 method=java.util.LinkedHashMap.afterNodeInsertion(Z)V @ 18 c2
Event: 43.114 Thread 0x000001e7e552aa60 DEOPT PACKING pc=0x000001e7f616b224 sp=0x00000001db4fdbc0
Event: 43.114 Thread 0x000001e7e552aa60 DEOPT UNPACKING pc=0x000001e7f5b223a3 sp=0x00000001db4fdb40 mode 2

Classes unloaded (0 events):
No events

Classes redefined (0 events):
No events

Internal exceptions (20 events):
Event: 39.852 Thread 0x000001e7e552aa60 Exception <a 'java/lang/NoSuchMethodError'{0x0000000086bbc678}: 'java.lang.Object java.lang.invoke.DirectMethodHandle$Holder.newInvokeSpecial(java.lang.Object, java.lang.Object, int, java.lang.Object, int)'> (0x0000000086bbc678) 
thrown [s\open\src\hotspot\share\interpreter\linkResolver.cpp, line 759]
Event: 39.853 Thread 0x000001e7e552aa60 Exception <a 'java/lang/NoSuchMethodError'{0x0000000086bc0778}: 'java.lang.Object java.lang.invoke.DirectMethodHandle$Holder.invokeSpecial(java.lang.Object, java.lang.Object, java.lang.Object, int, java.lang.Object, int)'> (0x0000000086bc0778) 
thrown [s\open\src\hotspot\share\interpreter\linkResolver.cpp, line 759]
Event: 39.856 Thread 0x000001e7e552aa60 Exception <a 'java/lang/NoSuchMethodError'{0x0000000086bcb7d0}: 'void java.lang.invoke.DirectMethodHandle$Holder.invokeVirtual(java.lang.Object, java.lang.Object)'> (0x0000000086bcb7d0) 
thrown [s\open\src\hotspot\share\interpreter\linkResolver.cpp, line 759]
Event: 40.041 Thread 0x000001e7e552aa60 Exception <a 'java/lang/UnsatisfiedLinkError'{0x000000008696ea90}: 'int io.netty.channel.epoll.Native.offsetofEpollData()'> (0x000000008696ea90) 
thrown [s\open\src\hotspot\share\prims\nativeLookup.cpp, line 543]
Event: 40.043 Thread 0x000001e7e552aa60 Exception <a 'java/lang/ExceptionInInitializerError'{0x000000008696ffb8}> (0x000000008696ffb8) 
thrown [s\open\src\hotspot\share\oops\instanceKlass.cpp, line 1171]
Event: 40.155 Thread 0x000001e7e552aa60 Exception <a 'java/lang/NoSuchMethodError'{0x00000000868b5ff8}: 'java.lang.Object java.lang.invoke.DirectMethodHandle$Holder.newInvokeSpecial(java.lang.Object, java.lang.Object, int, java.lang.Object)'> (0x00000000868b5ff8) 
thrown [s\open\src\hotspot\share\interpreter\linkResolver.cpp, line 759]
Event: 40.156 Thread 0x000001e7e552aa60 Exception <a 'java/lang/NoSuchMethodError'{0x00000000868b9bc0}: 'java.lang.Object java.lang.invoke.Invokers$Holder.linkToTargetMethod(java.lang.Object, int, java.lang.Object, java.lang.Object)'> (0x00000000868b9bc0) 
thrown [s\open\src\hotspot\share\interpreter\linkResolver.cpp, line 759]
Event: 40.192 Thread 0x000001e7e552aa60 Exception <a 'java/lang/NoSuchMethodError'{0x000000008674cc08}: 'java.lang.Object java.lang.invoke.DirectMethodHandle$Holder.invokeStaticInit(java.lang.Object, java.lang.Object, long, java.lang.Object)'> (0x000000008674cc08) 
thrown [s\open\src\hotspot\share\interpreter\linkResolver.cpp, line 759]
Event: 40.194 Thread 0x000001e7e552aa60 Exception <a 'java/lang/NoSuchMethodError'{0x00000000867531e8}: 'java.lang.Object java.lang.invoke.DirectMethodHandle$Holder.newInvokeSpecial(java.lang.Object, java.lang.Object, long)'> (0x00000000867531e8) 
thrown [s\open\src\hotspot\share\interpreter\linkResolver.cpp, line 759]
Event: 40.195 Thread 0x000001e7e552aa60 Exception <a 'java/lang/NoSuchMethodError'{0x0000000086757000}: 'java.lang.Object java.lang.invoke.Invokers$Holder.linkToTargetMethod(java.lang.Object, long, java.lang.Object)'> (0x0000000086757000) 
thrown [s\open\src\hotspot\share\interpreter\linkResolver.cpp, line 759]
Event: 40.626 Thread 0x000001e7e552aa60 Exception <a 'java/lang/IncompatibleClassChangeError'{0x000000008657dd08}: Found class java.lang.Object, but interface was expected> (0x000000008657dd08) 
thrown [s\open\src\hotspot\share\interpreter\linkResolver.cpp, line 826]
Event: 40.628 Thread 0x000001e7e552aa60 Exception <a 'java/lang/IncompatibleClassChangeError'{0x00000000864031d8}: Found class java.lang.Object, but interface was expected> (0x00000000864031d8) 
thrown [s\open\src\hotspot\share\interpreter\linkResolver.cpp, line 826]
Event: 41.082 Thread 0x000001e7e552aa60 Exception <a 'java/lang/NoSuchMethodError'{0x000000008942b240}: 'void java.lang.invoke.DirectMethodHandle$Holder.invokeSpecial(java.lang.Object, java.lang.Object, java.lang.Object, java.lang.Object, java.lang.Object, java.lang.Object, java.lang.Object, java.lang.Object)'> (0x000000008942b240) 
thrown [s\open\src\hotspot\share\interpreter\linkResolver.cpp, line 759]
Event: 41.083 Thread 0x000001e7e552aa60 Exception <a 'java/lang/NoSuchMethodError'{0x00000000894360d8}: 'java.lang.Object java.lang.invoke.DirectMethodHandle$Holder.newInvokeSpecial(java.lang.Object, java.lang.Object, java.lang.Object, java.lang.Object, java.lang.Object, java.lang.Object, java.lang.Object)'> (0x00000000894360d8) 
thrown [s\open\src\hotspot\share\interpreter\linkResolver.cpp, line 759]
Event: 41.083 Thread 0x000001e7e552aa60 Exception <a 'java/lang/NoSuchMethodError'{0x000000008943a5b0}: 'java.lang.Object java.lang.invoke.Invokers$Holder.linkToTargetMethod(java.lang.Object, java.lang.Object, java.lang.Object, java.lang.Object, java.lang.Object, java.lang.Object, java.lang.Object)'> (0x000000008943a5b0) 
thrown [s\open\src\hotspot\share\interpreter\linkResolver.cpp, line 759]
Event: 41.225 Thread 0x000001e7e552aa60 Implicit null exception at 0x000001e7f620a16c to 0x000001e7f620a21c
Event: 41.599 Thread 0x000001e7e552aa60 Exception <a 'java/lang/NoSuchMethodError'{0x000000008915f418}: 'java.lang.Object java.lang.invoke.DirectMethodHandle$Holder.newInvokeSpecial(java.lang.Object, java.lang.Object, java.lang.Object, int)'> (0x000000008915f418) 
thrown [s\open\src\hotspot\share\interpreter\linkResolver.cpp, line 759]
Event: 41.600 Thread 0x000001e7e552aa60 Exception <a 'java/lang/NoSuchMethodError'{0x0000000089163700}: 'java.lang.Object java.lang.invoke.DirectMethodHandle$Holder.invokeSpecial(java.lang.Object, java.lang.Object, java.lang.Object, java.lang.Object, int)'> (0x0000000089163700) 
thrown [s\open\src\hotspot\share\interpreter\linkResolver.cpp, line 759]
Event: 41.600 Thread 0x000001e7e552aa60 Exception <a 'java/lang/NoSuchMethodError'{0x0000000089166e08}: 'java.lang.Object java.lang.invoke.Invokers$Holder.linkToTargetMethod(java.lang.Object, java.lang.Object, int, java.lang.Object)'> (0x0000000089166e08) 
thrown [s\open\src\hotspot\share\interpreter\linkResolver.cpp, line 759]
Event: 41.877 Thread 0x000001e7e552aa60 Exception <a 'java/lang/NoSuchMethodError'{0x0000000088ee2508}: 'java.lang.Object java.lang.invoke.DirectMethodHandle$Holder.invokeStatic(java.lang.Object, int, java.lang.Object)'> (0x0000000088ee2508) 
thrown [s\open\src\hotspot\share\interpreter\linkResolver.cpp, line 759]

VM Operations (20 events):
Event: 40.179 Executing VM operation: Cleanup
Event: 40.179 Executing VM operation: Cleanup done
Event: 40.603 Executing VM operation: HandshakeAllThreads
Event: 40.619 Executing VM operation: HandshakeAllThreads done
Event: 40.622 Executing VM operation: HandshakeAllThreads
Event: 40.622 Executing VM operation: HandshakeAllThreads done
Event: 40.668 Executing VM operation: HandshakeAllThreads
Event: 40.668 Executing VM operation: HandshakeAllThreads done
Event: 40.694 Executing VM operation: HandshakeAllThreads
Event: 40.695 Executing VM operation: HandshakeAllThreads done
Event: 40.798 Executing VM operation: G1CollectForAllocation
Event: 40.825 Executing VM operation: G1CollectForAllocation done
Event: 40.869 Executing VM operation: G1CollectForAllocation
Event: 40.886 Executing VM operation: G1CollectForAllocation done
Event: 41.048 Executing VM operation: HandshakeAllThreads
Event: 41.048 Executing VM operation: HandshakeAllThreads done
Event: 42.063 Executing VM operation: Cleanup
Event: 42.063 Executing VM operation: Cleanup done
Event: 43.065 Executing VM operation: Cleanup
Event: 43.065 Executing VM operation: Cleanup done

Events (20 events):
Event: 40.715 Thread 0x000001e7fedfe470 flushing nmethod 0x000001e7ef388310
Event: 40.715 Thread 0x000001e7fedfe470 flushing nmethod 0x000001e7ef38a190
Event: 40.715 Thread 0x000001e7fedfe470 flushing nmethod 0x000001e7ef398410
Event: 40.715 Thread 0x000001e7fedfe470 flushing nmethod 0x000001e7ef3a7690
Event: 40.715 Thread 0x000001e7fedfe470 flushing nmethod 0x000001e7ef3b3690
Event: 40.715 Thread 0x000001e7fedfe470 flushing nmethod 0x000001e7ef3c2a90
Event: 40.715 Thread 0x000001e7fedfe470 flushing nmethod 0x000001e7ef3c2e10
Event: 40.715 Thread 0x000001e7fedfe470 flushing nmethod 0x000001e7ef3c6910
Event: 40.716 Thread 0x000001e7fedfe470 flushing nmethod 0x000001e7ef3f9790
Event: 40.716 Thread 0x000001e7fedfe470 flushing nmethod 0x000001e7ef434090
Event: 40.716 Thread 0x000001e7fedfe470 flushing nmethod 0x000001e7ef467210
Event: 40.716 Thread 0x000001e7fedfe470 flushing nmethod 0x000001e7ef467790
Event: 40.717 Thread 0x000001e7fedfe470 flushing nmethod 0x000001e7ef46ed10
Event: 40.717 Thread 0x000001e7fedfe470 flushing nmethod 0x000001e7ef47fd90
Event: 43.123 loading class java/io/FilenameFilter
Event: 43.123 loading class java/io/FilenameFilter done
Event: 43.123 loading class java/io/FileFilter
Event: 43.131 loading class java/io/FileFilter done
Event: 43.170 loading class java/net/UrlDeserializedState
Event: 43.171 loading class java/net/UrlDeserializedState done


Dynamic libraries:
0x00007ff7c4600000 - 0x00007ff7c4610000 	C:\Program Files\Java\jdk-17\bin\java.exe
0x00007ffdcd770000 - 0x00007ffdcd986000 	C:\WINDOWS\SYSTEM32\ntdll.dll
0x00007ffdcbfd0000 - 0x00007ffdcc094000 	C:\WINDOWS\System32\KERNEL32.DLL
0x00007ffdcaeb0000 - 0x00007ffdcb256000 	C:\WINDOWS\System32\KERNELBASE.dll
0x00007ffdcac20000 - 0x00007ffdcad31000 	C:\WINDOWS\System32\ucrtbase.dll
0x00007ffdc3660000 - 0x00007ffdc367b000 	C:\Program Files\Java\jdk-17\bin\VCRUNTIME140.dll
0x00007ffda7aa0000 - 0x00007ffda7ab8000 	C:\Program Files\Java\jdk-17\bin\jli.dll
0x00007ffdcc740000 - 0x00007ffdcc7f2000 	C:\WINDOWS\System32\ADVAPI32.dll
0x00007ffdcbf20000 - 0x00007ffdcbfc7000 	C:\WINDOWS\System32\msvcrt.dll
0x00007ffdcb950000 - 0x00007ffdcb9f8000 	C:\WINDOWS\System32\sechost.dll
0x00007ffdcabf0000 - 0x00007ffdcac18000 	C:\WINDOWS\System32\bcrypt.dll
0x00007ffdcc4b0000 - 0x00007ffdcc5c5000 	C:\WINDOWS\System32\RPCRT4.dll
0x00007ffdcbb50000 - 0x00007ffdcbcfd000 	C:\WINDOWS\System32\USER32.dll
0x00007ffdcb490000 - 0x00007ffdcb4b6000 	C:\WINDOWS\System32\win32u.dll
0x00007ffdcd700000 - 0x00007ffdcd729000 	C:\WINDOWS\System32\GDI32.dll
0x00007ffdcb260000 - 0x00007ffdcb378000 	C:\WINDOWS\System32\gdi32full.dll
0x00007ffdcb3f0000 - 0x00007ffdcb48a000 	C:\WINDOWS\System32\msvcp_win.dll
0x00007ffdbafc0000 - 0x00007ffdbb253000 	C:\WINDOWS\WinSxS\amd64_microsoft.windows.common-controls_6595b64144ccf1df_6.0.22621.3235_none_270f74e173860f98\COMCTL32.dll
0x00007ffdc3690000 - 0x00007ffdc369a000 	C:\WINDOWS\SYSTEM32\VERSION.dll
0x00007ffdcc0a0000 - 0x00007ffdcc0d1000 	C:\WINDOWS\System32\IMM32.DLL
0x00007ffdc42a0000 - 0x00007ffdc42ac000 	C:\Program Files\Java\jdk-17\bin\vcruntime140_1.dll
0x00007ffd9c090000 - 0x00007ffd9c11e000 	C:\Program Files\Java\jdk-17\bin\msvcp140.dll
0x00007ffd51c20000 - 0x00007ffd527f7000 	C:\Program Files\Java\jdk-17\bin\server\jvm.dll
0x00007ffdcc730000 - 0x00007ffdcc738000 	C:\WINDOWS\System32\PSAPI.DLL
0x00007ffdb0480000 - 0x00007ffdb0489000 	C:\WINDOWS\SYSTEM32\WSOCK32.dll
0x00007ffdcbad0000 - 0x00007ffdcbb41000 	C:\WINDOWS\System32\WS2_32.dll
0x00007ffdc4ef0000 - 0x00007ffdc4f24000 	C:\WINDOWS\SYSTEM32\WINMM.dll
0x00007ffdc9af0000 - 0x00007ffdc9b08000 	C:\WINDOWS\SYSTEM32\kernel.appcore.dll
0x00007ffdb2930000 - 0x00007ffdb293a000 	C:\Program Files\Java\jdk-17\bin\jimage.dll
0x00007ffdc3a30000 - 0x00007ffdc3c63000 	C:\WINDOWS\SYSTEM32\DBGHELP.DLL
0x00007ffdcb5c0000 - 0x00007ffdcb948000 	C:\WINDOWS\System32\combase.dll
0x00007ffdcb4e0000 - 0x00007ffdcb5b7000 	C:\WINDOWS\System32\OLEAUT32.dll
0x00007ffdc39f0000 - 0x00007ffdc3a22000 	C:\WINDOWS\SYSTEM32\dbgcore.DLL
0x00007ffdcaab0000 - 0x00007ffdcab2a000 	C:\WINDOWS\System32\bcryptPrimitives.dll
0x00007ffd9d820000 - 0x00007ffd9d82e000 	C:\Program Files\Java\jdk-17\bin\instrument.dll
0x00007ffd9de30000 - 0x00007ffd9de55000 	C:\Program Files\Java\jdk-17\bin\java.dll
0x00007ffd747a0000 - 0x00007ffd74877000 	C:\Program Files\Java\jdk-17\bin\jsvml.dll
0x00007ffdccd90000 - 0x00007ffdcd5ed000 	C:\WINDOWS\System32\SHELL32.dll
0x00007ffdc89c0000 - 0x00007ffdc92b8000 	C:\WINDOWS\SYSTEM32\windows.storage.dll
0x00007ffdc8880000 - 0x00007ffdc89be000 	C:\WINDOWS\SYSTEM32\wintypes.dll
0x00007ffdcc810000 - 0x00007ffdcc903000 	C:\WINDOWS\System32\SHCORE.dll
0x00007ffdcba60000 - 0x00007ffdcbabe000 	C:\WINDOWS\System32\shlwapi.dll
0x00007ffdca9e0000 - 0x00007ffdcaa06000 	C:\WINDOWS\SYSTEM32\profapi.dll
0x00007ffda0570000 - 0x00007ffda0588000 	C:\Program Files\Java\jdk-17\bin\zip.dll
0x00007ffda7a80000 - 0x00007ffda7a99000 	C:\Program Files\Java\jdk-17\bin\net.dll
0x00007ffdc4db0000 - 0x00007ffdc4ee7000 	C:\WINDOWS\SYSTEM32\WINHTTP.dll
0x00007ffdc9f70000 - 0x00007ffdc9fd9000 	C:\WINDOWS\system32\mswsock.dll
0x00007ffda0a60000 - 0x00007ffda0a76000 	C:\Program Files\Java\jdk-17\bin\nio.dll
0x00007ffd9bcf0000 - 0x00007ffd9bd0a000 	C:\Program Files\JetBrains\IntelliJ IDEA Community Edition 2023.2\bin\breakgen64.dll
0x00007ffda23a0000 - 0x00007ffda23b0000 	C:\Program Files\Java\jdk-17\bin\verify.dll
0x00007ffdbba90000 - 0x00007ffdbba9a000 	C:\Program Files\Java\jdk-17\bin\management.dll
0x00007ffdb0b20000 - 0x00007ffdb0b2b000 	C:\Program Files\Java\jdk-17\bin\management_ext.dll
0x00007ffda49d0000 - 0x00007ffda49e7000 	C:\WINDOWS\system32\napinsp.dll
0x00007ffda46b0000 - 0x00007ffda46cb000 	C:\WINDOWS\system32\pnrpnsp.dll
0x00007ffdc95e0000 - 0x00007ffdc96d9000 	C:\WINDOWS\SYSTEM32\DNSAPI.dll
0x00007ffdc9570000 - 0x00007ffdc959d000 	C:\WINDOWS\SYSTEM32\IPHLPAPI.DLL
0x00007ffdcc2a0000 - 0x00007ffdcc2a9000 	C:\WINDOWS\System32\NSI.dll
0x00007ffda4a10000 - 0x00007ffda4a21000 	C:\WINDOWS\System32\winrnr.dll
0x00007ffda49f0000 - 0x00007ffda4a05000 	C:\WINDOWS\system32\wshbth.dll
0x00007ffda4630000 - 0x00007ffda4651000 	C:\WINDOWS\system32\nlansp_c.dll
0x00007ffdc12c0000 - 0x00007ffdc12ca000 	C:\Windows\System32\rasadhlp.dll
0x00007ffdc4650000 - 0x00007ffdc46d3000 	C:\WINDOWS\System32\fwpuclnt.dll
0x00007ffdca1c0000 - 0x00007ffdca1db000 	C:\WINDOWS\SYSTEM32\CRYPTSP.dll
0x00007ffdc9a50000 - 0x00007ffdc9a85000 	C:\WINDOWS\system32\rsaenh.dll
0x00007ffdca060000 - 0x00007ffdca08c000 	C:\WINDOWS\SYSTEM32\USERENV.dll
0x00007ffdca1e0000 - 0x00007ffdca1ec000 	C:\WINDOWS\SYSTEM32\CRYPTBASE.dll
0x00007ffdc5640000 - 0x00007ffdc5659000 	C:\WINDOWS\SYSTEM32\dhcpcsvc6.DLL
0x00007ffdc4f30000 - 0x00007ffdc4f4f000 	C:\WINDOWS\SYSTEM32\dhcpcsvc.DLL
0x00007ffdb0ae0000 - 0x00007ffdb0aed000 	C:\Program Files\Java\jdk-17\bin\sunmscapi.dll
0x00007ffdcad40000 - 0x00007ffdcaea6000 	C:\WINDOWS\System32\CRYPT32.dll
0x00007ffdca360000 - 0x00007ffdca38e000 	C:\WINDOWS\SYSTEM32\ncrypt.dll
0x00007ffdca320000 - 0x00007ffdca357000 	C:\WINDOWS\SYSTEM32\NTASN1.dll
0x00007ffdc31b0000 - 0x00007ffdc31b8000 	C:\WINDOWS\system32\wshunix.dll

dbghelp: loaded successfully - version: 4.0.5 - missing functions: none
symbol engine: initialized successfully - sym options: 0x614 - pdb path: .;C:\Program Files\Java\jdk-17\bin;C:\WINDOWS\SYSTEM32;C:\WINDOWS\WinSxS\amd64_microsoft.windows.common-controls_6595b64144ccf1df_6.0.22621.3235_none_270f74e173860f98;C:\Program Files\Java\jdk-17\bin\server;C:\Program Files\JetBrains\IntelliJ IDEA Community Edition 2023.2\bin

VM Arguments:
jvm_args: -javaagent:C:\Program Files\JetBrains\IntelliJ IDEA Community Edition 2023.2\lib\idea_rt.jar=62568:C:\Program Files\JetBrains\IntelliJ IDEA Community Edition 2023.2\bin -Dfile.encoding=UTF-8 
java_command: com.emtech.loanapp.LoanAppApplication
java_class_path (initial): C:\Users\michael\Documents\springboot projects\JUFRED_DAIRY_BE\target\classes;C:\Users\michael\.m2\repository\org\springframework\boot\spring-boot-starter-data-jpa\2.7.8\spring-boot-starter-data-jpa-2.7.8.jar;C:\Users\michael\.m2\repository\org\springframework\boot\spring-boot-starter-aop\2.7.8\spring-boot-starter-aop-2.7.8.jar;C:\Users\michael\.m2\repository\org\aspectj\aspectjweaver\1.9.7\aspectjweaver-1.9.7.jar;C:\Users\michael\.m2\repository\org\springframework\boot\spring-boot-starter-jdbc\2.7.8\spring-boot-starter-jdbc-2.7.8.jar;C:\Users\michael\.m2\repository\com\zaxxer\HikariCP\4.0.3\HikariCP-4.0.3.jar;C:\Users\michael\.m2\repository\org\springframework\spring-jdbc\5.3.25\spring-jdbc-5.3.25.jar;C:\Users\michael\.m2\repository\jakarta\transaction\jakarta.transaction-api\1.3.3\jakarta.transaction-api-1.3.3.jar;C:\Users\michael\.m2\repository\jakarta\persistence\jakarta.persistence-api\2.2.3\jakarta.persistence-api-2.2.3.jar;C:\Users\michael\.m2\repository\org\springframework\data\spring-data-jpa\2.7.7\spring-data-jpa-2.7.7.jar;C:\Users\michael\.m2\repository\org\springframework\data\spring-data-commons\2.7.7\spring-data-commons-2.7.7.jar;C:\Users\michael\.m2\repository\org\springframework\spring-orm\5.3.25\spring-orm-5.3.25.jar;C:\Users\michael\.m2\repository\org\springframework\spring-tx\5.3.25\spring-tx-5.3.25.jar;C:\Users\michael\.m2\repository\org\springframework\spring-aspects\5.3.25\spring-aspects-5.3.25.jar;C:\Users\michael\.m2\repository\com\mysql\mysql-connector-j\8.0.32\mysql-connector-j-8.0.32.jar;C:\Users\michael\.m2\repository\org\hibernate\hibernate-core\5.6.14.Final\hibernate-core-5.6.14.Final.jar;C:\Users\michael\.m2\repository\org\jboss\logging\jboss-logging\3.4.3.Final\jboss-logging-3.4.3.Final.jar;C:\Users\michael\.m2\repository\javax\persistence\javax.persistence-api\2.2\javax.persistence-api-2.2.jar;C:\Users\michael\.m2\repository\net\bytebuddy\byte-buddy\1.12.22\byte-buddy-1.12.22.jar;C:\Users\michael\.m2\repo
Launcher Type: SUN_STANDARD

[Global flags]
     intx CICompilerCount                          = 3                                         {product} {ergonomic}
     uint ConcGCThreads                            = 1                                         {product} {ergonomic}
     uint G1ConcRefinementThreads                  = 4                                         {product} {ergonomic}
   size_t G1HeapRegionSize                         = 1048576                                   {product} {ergonomic}
    uintx GCDrainStackTargetSize                   = 64                                        {product} {ergonomic}
   size_t InitialHeapSize                          = 134217728                                 {product} {ergonomic}
   size_t MarkStackSize                            = 4194304                                   {product} {ergonomic}
   size_t MaxHeapSize                              = 2126512128                                {product} {ergonomic}
   size_t MaxNewSize                               = 1275068416                                {product} {ergonomic}
   size_t MinHeapDeltaBytes                        = 1048576                                   {product} {ergonomic}
   size_t MinHeapSize                              = 8388608                                   {product} {ergonomic}
    uintx NonNMethodCodeHeapSize                   = 5832780                                {pd product} {ergonomic}
    uintx NonProfiledCodeHeapSize                  = 122912730                              {pd product} {ergonomic}
    uintx ProfiledCodeHeapSize                     = 122912730                              {pd product} {ergonomic}
    uintx ReservedCodeCacheSize                    = 251658240                              {pd product} {ergonomic}
     bool SegmentedCodeCache                       = true                                      {product} {ergonomic}
   size_t SoftMaxHeapSize                          = 2126512128                             {manageable} {ergonomic}
     bool UseCompressedClassPointers               = true                           {product lp64_product} {ergonomic}
     bool UseCompressedOops                        = true                           {product lp64_product} {ergonomic}
     bool UseG1GC                                  = true                                      {product} {ergonomic}
     bool UseLargePagesIndividualAllocation        = false                                  {pd product} {ergonomic}

Logging:
Log output configuration:
 #0: stdout all=warning uptime,level,tags
 #1: stderr all=off uptime,level,tags

Environment Variables:
JAVA_HOME=C:\Program Files\Java\jdk-17
PATH=C:\Program Files\Java\jdk-17\bin;C:\Program Files\Java\jdk-17\bin;C:\Program Files\Java\jdk-11\bin;C:\WINDOWS\system32;C:\WINDOWS;C:\WINDOWS\System32\Wbem;C:\WINDOWS\System32\WindowsPowerShell\v1.0\;C:\WINDOWS\System32\OpenSSH\;C:\Program Files\Git\cmd;C:\Gradle\gradle-8.1.1\bin;C:\Program Files\nodejs\;C:\Program Files\PuTTY\;C:\Program Files\Microsoft SQL Server\Client SDK\ODBC\170\Tools\Binn\;C:\Program Files (x86)\Microsoft SQL Server\150\Tools\Binn\;C:\Program Files\Microsoft SQL Server\150\Tools\Binn\;C:\Program Files\Microsoft SQL Server\150\DTS\Binn\;C:\Program Files (x86)\Microsoft SQL Server\160\DTS\Binn\;C:\Program Files\Azure Data Studio\bin;C:\Program Files\MySQL\MySQL Server 8.0\bin;C:\Program Files (x86)\Microsoft SQL Server\160\Tools\Binn\;C:\Program Files\Microsoft SQL Server\160\Tools\Binn\;C:\Program Files\Microsoft SQL Server\160\DTS\Binn\;C:\Program Files\dotnet\;C:\Program Files\MySQL\MySQL Utilities 1.6\;C:\Program Files (x86)\Windows Kits\10\Windows Performance Toolkit\;C:\Program Files\apache-maven-3.9.4\bin;C:\MingW\bin;C:\Users\michael\AppData\Local\Microsoft\WindowsApps;C:\flutter\bin;C:\Users\michael\AppData\Roaming\npm;C:\Users\michael\AppData\Local\Programs\Microsoft VS Code\bin;C:\Users\michael\AppData\Local\GitHubDesktop\bin;C:\Program Files\Azure Data Studio\bin;C:\Users\michael\AppData\Local\Android\Sdk\platform-tools;C:\Users\michael\.dotnet\tools;C:\wamp64\bin\mariadb\mariadb10.6.5\bin;
USERNAME=michael
OS=Windows_NT
PROCESSOR_IDENTIFIER=Intel64 Family 6 Model 78 Stepping 3, GenuineIntel



---------------  S Y S T E M  ---------------

OS:
 Windows 11 , 64 bit Build 22621 (10.0.22621.3235)
OS uptime: 5 days 6:14 hours

CPU: total 4 (initial active 4) (2 cores per cpu, 2 threads per core) family 6 model 78 stepping 3 microcode 0xd6, cx8, cmov, fxsr, ht, mmx, 3dnowpref, sse, sse2, sse3, ssse3, sse4.1, sse4.2, popcnt, lzcnt, tsc, tscinvbit, avx, avx2, aes, erms, clmul, bmi1, bmi2, adx, fma, vzeroupper, clflush, clflushopt

Memory: 4k page, system-wide physical 8106M (294M free)
TotalPageFile size 24812M (AvailPageFile size 81M)
current process WorkingSet (physical memory assigned to process): 324M, peak: 327M
current process commit charge ("private bytes"): 356M, peak: 359M

vm_info: Java HotSpot(TM) 64-Bit Server VM (17.0.6+9-LTS-190) for windows-amd64 JRE (17.0.6+9-LTS-190), built on Dec  6 2022 15:53:54 by "mach5one" with MS VC++ 17.1 (VS2022)

END.
